  Renderer.cpp
C:\Users\Sun\source\repos\ComputerGraphics\GLproject\GLproject\Renderer.cpp(36,24): warning C4244: '=': 'GLuint'에서 'GLfloat'(으)로 변환하면서 데이터가 손실될 수 있습니다.
C:\Users\Sun\source\repos\ComputerGraphics\GLproject\GLproject\Renderer.cpp(397,50): warning C4305: '인수': 'double'에서 'GLfloat'(으)로 잘립니다.
C:\Users\Sun\source\repos\ComputerGraphics\GLproject\GLproject\Renderer.cpp(398,48): warning C4305: '인수': 'double'에서 'GLfloat'(으)로 잘립니다.
C:\Users\Sun\source\repos\ComputerGraphics\GLproject\GLproject\Renderer.cpp(399,52): warning C4305: '인수': 'double'에서 'GLfloat'(으)로 잘립니다.
C:\Users\Sun\source\repos\ComputerGraphics\GLproject\GLproject\Renderer.cpp(376,19): warning C4101: 'm1' :참조되지 않은 지역 변수입니다.
C:\Users\Sun\source\repos\ComputerGraphics\GLproject\GLproject\Renderer.cpp(380,16): warning C4101: 'b' :참조되지 않은 지역 변수입니다.
C:\Users\Sun\source\repos\ComputerGraphics\GLproject\GLproject\Renderer.cpp(380,13): warning C4101: 'g' :참조되지 않은 지역 변수입니다.
C:\Users\Sun\source\repos\ComputerGraphics\GLproject\GLproject\Renderer.cpp(380,10): warning C4101: 'r' :참조되지 않은 지역 변수입니다.
C:\Users\Sun\source\repos\ComputerGraphics\GLproject\GLproject\Renderer.cpp(460,24): warning C4101: 'y2' :참조되지 않은 지역 변수입니다.
C:\Users\Sun\source\repos\ComputerGraphics\GLproject\GLproject\Renderer.cpp(460,12): warning C4101: 'y1' :참조되지 않은 지역 변수입니다.
C:\Users\Sun\source\repos\ComputerGraphics\GLproject\GLproject\Renderer.cpp(460,8): warning C4101: 'x1' :참조되지 않은 지역 변수입니다.
C:\Users\Sun\source\repos\ComputerGraphics\GLproject\GLproject\Renderer.cpp(460,28): warning C4101: 'z2' :참조되지 않은 지역 변수입니다.
C:\Users\Sun\source\repos\ComputerGraphics\GLproject\GLproject\Renderer.cpp(460,44): warning C4101: 'x4' :참조되지 않은 지역 변수입니다.
C:\Users\Sun\source\repos\ComputerGraphics\GLproject\GLproject\Renderer.cpp(460,52): warning C4101: 'z4' :참조되지 않은 지역 변수입니다.
C:\Users\Sun\source\repos\ComputerGraphics\GLproject\GLproject\Renderer.cpp(460,36): warning C4101: 'y3' :참조되지 않은 지역 변수입니다.
C:\Users\Sun\source\repos\ComputerGraphics\GLproject\GLproject\Renderer.cpp(460,40): warning C4101: 'z3' :참조되지 않은 지역 변수입니다.
C:\Users\Sun\source\repos\ComputerGraphics\GLproject\GLproject\Renderer.cpp(460,32): warning C4101: 'x3' :참조되지 않은 지역 변수입니다.
C:\Users\Sun\source\repos\ComputerGraphics\GLproject\GLproject\Renderer.cpp(458,7): warning C4101: 'ch' :참조되지 않은 지역 변수입니다.
C:\Users\Sun\source\repos\ComputerGraphics\GLproject\GLproject\Renderer.cpp(460,48): warning C4101: 'y4' :참조되지 않은 지역 변수입니다.
C:\Users\Sun\source\repos\ComputerGraphics\GLproject\GLproject\Renderer.cpp(460,20): warning C4101: 'x2' :참조되지 않은 지역 변수입니다.
C:\Users\Sun\source\repos\ComputerGraphics\GLproject\GLproject\Renderer.cpp(460,16): warning C4101: 'z1' :참조되지 않은 지역 변수입니다.
C:\Users\Sun\source\repos\ComputerGraphics\GLproject\GLproject\Renderer.cpp(519,20): warning C4244: '=': 'float'에서 'int'(으)로 변환하면서 데이터가 손실될 수 있습니다.
C:\Users\Sun\source\repos\ComputerGraphics\GLproject\GLproject\Renderer.cpp(569,19): warning C4244: '=': 'float'에서 'int'(으)로 변환하면서 데이터가 손실될 수 있습니다.
C:\Users\Sun\source\repos\ComputerGraphics\GLproject\GLproject\Renderer.cpp(570,19): warning C4244: '=': 'float'에서 'int'(으)로 변환하면서 데이터가 손실될 수 있습니다.
C:\Users\Sun\source\repos\ComputerGraphics\GLproject\GLproject\Renderer.cpp(571,19): warning C4244: '=': 'float'에서 'int'(으)로 변환하면서 데이터가 손실될 수 있습니다.
C:\Users\Sun\source\repos\ComputerGraphics\GLproject\GLproject\Renderer.cpp(572,19): warning C4244: '=': 'float'에서 'int'(으)로 변환하면서 데이터가 손실될 수 있습니다.
C:\Users\Sun\source\repos\ComputerGraphics\GLproject\GLproject\Renderer.cpp(573,19): warning C4244: '=': 'float'에서 'int'(으)로 변환하면서 데이터가 손실될 수 있습니다.
C:\Users\Sun\source\repos\ComputerGraphics\GLproject\GLproject\Renderer.cpp(574,19): warning C4244: '=': 'float'에서 'int'(으)로 변환하면서 데이터가 손실될 수 있습니다.
C:\Users\Sun\source\repos\ComputerGraphics\GLproject\GLproject\Renderer.cpp(575,19): warning C4244: '=': 'float'에서 'int'(으)로 변환하면서 데이터가 손실될 수 있습니다.
C:\Users\Sun\source\repos\ComputerGraphics\GLproject\GLproject\Renderer.cpp(576,19): warning C4244: '=': 'float'에서 'int'(으)로 변환하면서 데이터가 손실될 수 있습니다.
C:\Users\Sun\source\repos\ComputerGraphics\GLproject\GLproject\Renderer.cpp(524,7): warning C4101: 'ch' :참조되지 않은 지역 변수입니다.
  GLproject.vcxproj -> C:\Users\Sun\source\repos\ComputerGraphics\GLproject\x64\Debug\GLproject.exe
